<?xml version="1.0" encoding="UTF-8" ?>
<testsuite tests="1" failures="0" name="com.yinzifan.liandisys.SpringJDBCTemplateTest" time="0.141" errors="1" skipped="0">
  <properties>
[...]
</properties>
  <testcase classname="com.yinzifan.liandisys.SpringJDBCTemplateTest" name="testSpringJDBCTemplate" time="0.141">
    <error message="com.yinzifan.liandisys._0918_Spring04_JdbcTemplate.CustomerDAOImpl cannot be cast to com.yinzifan.liandisys._0918_spring03_JDBCDemo.bean.Customer" type="java.lang.ClassCastException">java.lang.ClassCastException: com.yinzifan.liandisys._0918_Spring04_JdbcTemplate.CustomerDAOImpl cannot be cast to com.yinzifan.liandisys._0918_spring03_JDBCDemo.bean.Customer
	at com.yinzifan.liandisys.SpringJDBCTemplateTest.testSpringJDBCTemplate(SpringJDBCTemplateTest.java:17)
	at sun.reflect.NativeMethodAccessorImpl.invoke0(Native Method)
	at sun.reflect.NativeMethodAccessorImpl.invoke(NativeMethodAccessorImpl.java:62)
	at sun.reflect.DelegatingMethodAccessorImpl.invoke(DelegatingMethodAccessorImpl.java:43)
	at java.lang.reflect.Method.invoke(Method.java:498)
	at org.junit.runners.model.FrameworkMethod$1.runReflectiveCall(FrameworkMethod.java:50)
	at org.junit.internal.runners.model.ReflectiveCallable.run(ReflectiveCallable.java:12)
	at org.junit.runners.model.FrameworkMethod.invokeExplosively(FrameworkMethod.java:47)
	at org.junit.internal.runners.statements.InvokeMethod.evaluate(InvokeMethod.java:17)
	at org.junit.runners.ParentRunner.runLeaf(ParentRunner.java:325)
	at org.junit.runners.BlockJUnit4ClassRunner.runChild(BlockJUnit4ClassRunner.java:78)
	at org.junit.runners.BlockJUnit4ClassRunner.runChild(BlockJUnit4ClassRunner.java:57)
	at org.junit.runners.ParentRunner$3.run(ParentRunner.java:290)
	at org.junit.runners.ParentRunner$1.schedule(ParentRunner.java:71)
	at org.junit.runners.ParentRunner.runChildren(ParentRunner.java:288)
	at org.junit.runners.ParentRunner.access$000(ParentRunner.java:58)
	at org.junit.runners.ParentRunner$2.evaluate(ParentRunner.java:268)
	at org.junit.runners.ParentRunner.run(ParentRunner.java:363)
	at org.apache.maven.surefire.junit4.JUnit4Provider.execute(JUnit4Provider.java:252)
	at org.apache.maven.surefire.junit4.JUnit4Provider.executeTestSet(JUnit4Provider.java:141)
	at org.apache.maven.surefire.junit4.JUnit4Provider.invoke(JUnit4Provider.java:112)
	at sun.reflect.NativeMethodAccessorImpl.invoke0(Native Method)
	at sun.reflect.NativeMethodAccessorImpl.invoke(NativeMethodAccessorImpl.java:62)
	at sun.reflect.DelegatingMethodAccessorImpl.invoke(DelegatingMethodAccessorImpl.java:43)
	at java.lang.reflect.Method.invoke(Method.java:498)
	at org.apache.maven.surefire.util.ReflectionUtils.invokeMethodWithArray(ReflectionUtils.java:189)
	at org.apache.maven.surefire.booter.ProviderFactory$ProviderProxy.invoke(ProviderFactory.java:165)
	at org.apache.maven.surefire.booter.ProviderFactory.invokeProvider(ProviderFactory.java:85)
	at org.apache.maven.surefire.booter.ForkedBooter.runSuitesInProcess(ForkedBooter.java:115)
	at org.apache.maven.surefire.booter.ForkedBooter.main(ForkedBooter.java:75)
</error>
    <system-err>9 18, 2017 5:01:19 午後 org.springframework.context.support.ClassPathXmlApplicationContext prepareRefresh
情報: Refreshing org.springframework.context.support.ClassPathXmlApplicationContext@e056f20: startup date [Mon Sep 18 17:01:19 CST 2017]; root of context hierarchy
9 18, 2017 5:01:19 午後 org.springframework.beans.factory.xml.XmlBeanDefinitionReader loadBeanDefinitions
情報: Loading XML bean definitions from class path resource [Spring-Customer2.xml]
Loading class `com.mysql.jdbc.Driver&apos;. This is deprecated. The new driver class is `com.mysql.cj.jdbc.Driver&apos;. The driver is automatically registered via the SPI and manual loading of the driver class is generally unnecessary.
9 18, 2017 5:01:19 午後 org.springframework.jdbc.datasource.DriverManagerDataSource setDriverClassName
情報: Loaded JDBC driver: com.mysql.jdbc.Driver
</system-err>
  </testcase>
</testsuite>